20:25:27 INFO  : Registering command handlers for SDK TCF services
20:25:27 INFO  : Launching XSCT server: xsct.bat -interactive D:\study\zynq_demo\Litenet\v1\vivado\Litenet\Litenet.sdk\temp_xsdb_launch_script.tcl
20:25:29 INFO  : XSCT server has started successfully.
20:25:29 INFO  : Successfully done setting XSCT server connection channel  
20:25:30 INFO  : Successfully done setting SDK workspace  
20:25:59 INFO  : Project 'design_1_wrapper_hw_platform_0' created. You can now create BSPs and application projects targeting this hardware platform.
20:26:57 INFO  : Refreshed build settings on project Litenet
20:32:11 INFO  : Connected to target on host '127.0.0.1' and port '3121'.
20:32:11 INFO  : Jtag cable 'Digilent JTAG-HS1 210512180081' is selected.
20:32:11 INFO  : 'jtag frequency' command is executed.
20:32:11 INFO  : Sourcing of 'D:/study/zynq_demo/Litenet/v1/vivado/Litenet/Litenet.sdk/design_1_wrapper_hw_platform_0/ps7_init.tcl' is done.
20:32:11 INFO  : Context for 'APU' is selected.
20:32:12 INFO  : System reset is completed.
20:32:15 INFO  : 'after 3000' command is executed.
20:32:15 INFO  : 'targets -set -filter {jtag_cable_name =~ "Digilent JTAG-HS1 210512180081" && level==0} -index 1' command is executed.
20:32:18 INFO  : FPGA configured successfully with bitstream "D:/study/zynq_demo/Litenet/v1/vivado/Litenet/Litenet.sdk/design_1_wrapper_hw_platform_0/design_1_wrapper.bit"
20:32:18 INFO  : Context for 'APU' is selected.
20:32:18 INFO  : Hardware design information is loaded from 'D:/study/zynq_demo/Litenet/v1/vivado/Litenet/Litenet.sdk/design_1_wrapper_hw_platform_0/system.hdf'.
20:32:18 INFO  : 'configparams force-mem-access 1' command is executed.
20:32:18 INFO  : Context for 'APU' is selected.
20:32:18 INFO  : 'ps7_init' command is executed.
20:32:18 INFO  : 'ps7_post_config' command is executed.
20:32:18 INFO  : Context for processor 'ps7_cortexa9_0' is selected.
20:32:19 INFO  : The application 'D:/study/zynq_demo/Litenet/v1/vivado/Litenet/Litenet.sdk/Litenet/Debug/Litenet.elf' is downloaded to processor 'ps7_cortexa9_0'.
20:32:19 INFO  : 'configparams force-mem-access 0' command is executed.
20:32:19 INFO  : ----------------XSDB Script----------------
connect -url tcp:127.0.0.1:3121
source D:/study/zynq_demo/Litenet/v1/vivado/Litenet/Litenet.sdk/design_1_wrapper_hw_platform_0/ps7_init.tcl
targets -set -nocase -filter {name =~"APU*" && jtag_cable_name =~ "Digilent JTAG-HS1 210512180081"} -index 0
rst -system
after 3000
targets -set -filter {jtag_cable_name =~ "Digilent JTAG-HS1 210512180081" && level==0} -index 1
fpga -file D:/study/zynq_demo/Litenet/v1/vivado/Litenet/Litenet.sdk/design_1_wrapper_hw_platform_0/design_1_wrapper.bit
targets -set -nocase -filter {name =~"APU*" && jtag_cable_name =~ "Digilent JTAG-HS1 210512180081"} -index 0
loadhw -hw D:/study/zynq_demo/Litenet/v1/vivado/Litenet/Litenet.sdk/design_1_wrapper_hw_platform_0/system.hdf -mem-ranges [list {0x40000000 0xbfffffff}]
configparams force-mem-access 1
targets -set -nocase -filter {name =~"APU*" && jtag_cable_name =~ "Digilent JTAG-HS1 210512180081"} -index 0
ps7_init
ps7_post_config
targets -set -nocase -filter {name =~ "ARM*#0" && jtag_cable_name =~ "Digilent JTAG-HS1 210512180081"} -index 0
dow D:/study/zynq_demo/Litenet/v1/vivado/Litenet/Litenet.sdk/Litenet/Debug/Litenet.elf
configparams force-mem-access 0
----------------End of Script----------------

20:32:19 INFO  : Memory regions updated for context APU
20:32:19 INFO  : Context for processor 'ps7_cortexa9_0' is selected.
20:32:19 INFO  : 'con' command is executed.
20:32:19 INFO  : ----------------XSDB Script (After Launch)----------------
targets -set -nocase -filter {name =~ "ARM*#0" && jtag_cable_name =~ "Digilent JTAG-HS1 210512180081"} -index 0
con
----------------End of Script----------------

20:32:19 INFO  : Launch script is exported to file 'D:\study\zynq_demo\Litenet\v1\vivado\Litenet\Litenet.sdk\.sdk\launch_scripts\xilinx_c-c++_application_(system_debugger)\system_debugger_using_debug_litenet.elf_on_local.tcl'
20:33:05 INFO  : Disconnected from the channel tcfchan#1.
20:33:06 INFO  : 'targets -set -filter {jtag_cable_name =~ "Digilent JTAG-HS1 210512180081" && level==0} -index 1' command is executed.
20:33:06 INFO  : 'fpga -state' command is executed.
20:33:08 INFO  : Connected to target on host '127.0.0.1' and port '3121'.
20:33:08 INFO  : Jtag cable 'Digilent JTAG-HS1 210512180081' is selected.
20:33:08 INFO  : 'jtag frequency' command is executed.
20:33:08 INFO  : Sourcing of 'D:/study/zynq_demo/Litenet/v1/vivado/Litenet/Litenet.sdk/design_1_wrapper_hw_platform_0/ps7_init.tcl' is done.
20:33:08 INFO  : Context for 'APU' is selected.
20:33:08 INFO  : System reset is completed.
20:33:11 INFO  : 'after 3000' command is executed.
20:33:11 INFO  : Context for 'APU' is selected.
20:33:11 INFO  : Hardware design information is loaded from 'D:/study/zynq_demo/Litenet/v1/vivado/Litenet/Litenet.sdk/design_1_wrapper_hw_platform_0/system.hdf'.
20:33:11 INFO  : 'configparams force-mem-access 1' command is executed.
20:33:11 INFO  : Context for 'APU' is selected.
20:33:11 INFO  : 'ps7_init' command is executed.
20:33:11 INFO  : 'ps7_post_config' command is executed.
20:33:11 INFO  : Context for processor 'ps7_cortexa9_0' is selected.
20:33:11 INFO  : The application 'D:/study/zynq_demo/Litenet/v1/vivado/Litenet/Litenet.sdk/Litenet/Debug/Litenet.elf' is downloaded to processor 'ps7_cortexa9_0'.
20:33:11 INFO  : 'configparams force-mem-access 0' command is executed.
20:33:11 INFO  : ----------------XSDB Script----------------
connect -url tcp:127.0.0.1:3121
source D:/study/zynq_demo/Litenet/v1/vivado/Litenet/Litenet.sdk/design_1_wrapper_hw_platform_0/ps7_init.tcl
targets -set -nocase -filter {name =~"APU*" && jtag_cable_name =~ "Digilent JTAG-HS1 210512180081"} -index 0
rst -system
after 3000
targets -set -nocase -filter {name =~"APU*" && jtag_cable_name =~ "Digilent JTAG-HS1 210512180081"} -index 0
loadhw -hw D:/study/zynq_demo/Litenet/v1/vivado/Litenet/Litenet.sdk/design_1_wrapper_hw_platform_0/system.hdf -mem-ranges [list {0x40000000 0xbfffffff}]
configparams force-mem-access 1
targets -set -nocase -filter {name =~"APU*" && jtag_cable_name =~ "Digilent JTAG-HS1 210512180081"} -index 0
ps7_init
ps7_post_config
targets -set -nocase -filter {name =~ "ARM*#0" && jtag_cable_name =~ "Digilent JTAG-HS1 210512180081"} -index 0
dow D:/study/zynq_demo/Litenet/v1/vivado/Litenet/Litenet.sdk/Litenet/Debug/Litenet.elf
configparams force-mem-access 0
----------------End of Script----------------

20:33:11 INFO  : Memory regions updated for context APU
20:33:11 INFO  : Context for processor 'ps7_cortexa9_0' is selected.
20:33:11 INFO  : 'con' command is executed.
20:33:11 INFO  : ----------------XSDB Script (After Launch)----------------
targets -set -nocase -filter {name =~ "ARM*#0" && jtag_cable_name =~ "Digilent JTAG-HS1 210512180081"} -index 0
con
----------------End of Script----------------

20:33:11 INFO  : Launch script is exported to file 'D:\study\zynq_demo\Litenet\v1\vivado\Litenet\Litenet.sdk\.sdk\launch_scripts\xilinx_c-c++_application_(system_debugger)\system_debugger_using_debug_litenet.elf_on_local.tcl'
20:33:58 INFO  : Disconnected from the channel tcfchan#2.
20:33:59 INFO  : 'targets -set -filter {jtag_cable_name =~ "Digilent JTAG-HS1 210512180081" && level==0} -index 1' command is executed.
20:33:59 INFO  : 'fpga -state' command is executed.
20:34:00 INFO  : Connected to target on host '127.0.0.1' and port '3121'.
20:34:00 INFO  : Jtag cable 'Digilent JTAG-HS1 210512180081' is selected.
20:34:00 INFO  : 'jtag frequency' command is executed.
20:34:00 INFO  : Sourcing of 'D:/study/zynq_demo/Litenet/v1/vivado/Litenet/Litenet.sdk/design_1_wrapper_hw_platform_0/ps7_init.tcl' is done.
20:34:00 INFO  : Context for 'APU' is selected.
20:34:01 INFO  : System reset is completed.
20:34:04 INFO  : 'after 3000' command is executed.
20:34:04 INFO  : Context for 'APU' is selected.
20:34:04 INFO  : Hardware design information is loaded from 'D:/study/zynq_demo/Litenet/v1/vivado/Litenet/Litenet.sdk/design_1_wrapper_hw_platform_0/system.hdf'.
20:34:04 INFO  : 'configparams force-mem-access 1' command is executed.
20:34:04 INFO  : Context for 'APU' is selected.
20:34:04 INFO  : 'ps7_init' command is executed.
20:34:04 INFO  : 'ps7_post_config' command is executed.
20:34:04 INFO  : Context for processor 'ps7_cortexa9_0' is selected.
20:34:04 INFO  : The application 'D:/study/zynq_demo/Litenet/v1/vivado/Litenet/Litenet.sdk/Litenet/Debug/Litenet.elf' is downloaded to processor 'ps7_cortexa9_0'.
20:34:04 INFO  : 'configparams force-mem-access 0' command is executed.
20:34:04 INFO  : ----------------XSDB Script----------------
connect -url tcp:127.0.0.1:3121
source D:/study/zynq_demo/Litenet/v1/vivado/Litenet/Litenet.sdk/design_1_wrapper_hw_platform_0/ps7_init.tcl
targets -set -nocase -filter {name =~"APU*" && jtag_cable_name =~ "Digilent JTAG-HS1 210512180081"} -index 0
rst -system
after 3000
targets -set -nocase -filter {name =~"APU*" && jtag_cable_name =~ "Digilent JTAG-HS1 210512180081"} -index 0
loadhw -hw D:/study/zynq_demo/Litenet/v1/vivado/Litenet/Litenet.sdk/design_1_wrapper_hw_platform_0/system.hdf -mem-ranges [list {0x40000000 0xbfffffff}]
configparams force-mem-access 1
targets -set -nocase -filter {name =~"APU*" && jtag_cable_name =~ "Digilent JTAG-HS1 210512180081"} -index 0
ps7_init
ps7_post_config
targets -set -nocase -filter {name =~ "ARM*#0" && jtag_cable_name =~ "Digilent JTAG-HS1 210512180081"} -index 0
dow D:/study/zynq_demo/Litenet/v1/vivado/Litenet/Litenet.sdk/Litenet/Debug/Litenet.elf
configparams force-mem-access 0
----------------End of Script----------------

20:34:04 INFO  : Memory regions updated for context APU
20:34:04 INFO  : Context for processor 'ps7_cortexa9_0' is selected.
20:34:04 INFO  : 'con' command is executed.
20:34:04 INFO  : ----------------XSDB Script (After Launch)----------------
targets -set -nocase -filter {name =~ "ARM*#0" && jtag_cable_name =~ "Digilent JTAG-HS1 210512180081"} -index 0
con
----------------End of Script----------------

20:34:04 INFO  : Launch script is exported to file 'D:\study\zynq_demo\Litenet\v1\vivado\Litenet\Litenet.sdk\.sdk\launch_scripts\xilinx_c-c++_application_(system_debugger)\system_debugger_using_debug_litenet.elf_on_local.tcl'
20:35:20 INFO  : Disconnected from the channel tcfchan#3.
20:35:21 INFO  : 'targets -set -filter {jtag_cable_name =~ "Digilent JTAG-HS1 210512180081" && level==0} -index 1' command is executed.
20:35:21 INFO  : 'fpga -state' command is executed.
20:35:25 INFO  : Connected to target on host '127.0.0.1' and port '3121'.
20:35:25 INFO  : Jtag cable 'Digilent JTAG-HS1 210512180081' is selected.
20:35:25 INFO  : 'jtag frequency' command is executed.
20:35:25 INFO  : Sourcing of 'D:/study/zynq_demo/Litenet/v1/vivado/Litenet/Litenet.sdk/design_1_wrapper_hw_platform_0/ps7_init.tcl' is done.
20:35:25 INFO  : Context for 'APU' is selected.
20:35:25 INFO  : System reset is completed.
20:35:28 INFO  : 'after 3000' command is executed.
20:35:28 INFO  : Context for 'APU' is selected.
20:35:28 INFO  : Hardware design information is loaded from 'D:/study/zynq_demo/Litenet/v1/vivado/Litenet/Litenet.sdk/design_1_wrapper_hw_platform_0/system.hdf'.
20:35:28 INFO  : 'configparams force-mem-access 1' command is executed.
20:35:28 INFO  : Context for 'APU' is selected.
20:35:29 INFO  : 'ps7_init' command is executed.
20:35:29 INFO  : 'ps7_post_config' command is executed.
20:35:29 INFO  : Context for processor 'ps7_cortexa9_0' is selected.
20:35:29 INFO  : The application 'D:/study/zynq_demo/Litenet/v1/vivado/Litenet/Litenet.sdk/Litenet/Debug/Litenet.elf' is downloaded to processor 'ps7_cortexa9_0'.
20:35:29 INFO  : 'configparams force-mem-access 0' command is executed.
20:35:29 INFO  : ----------------XSDB Script----------------
connect -url tcp:127.0.0.1:3121
source D:/study/zynq_demo/Litenet/v1/vivado/Litenet/Litenet.sdk/design_1_wrapper_hw_platform_0/ps7_init.tcl
targets -set -nocase -filter {name =~"APU*" && jtag_cable_name =~ "Digilent JTAG-HS1 210512180081"} -index 0
rst -system
after 3000
targets -set -nocase -filter {name =~"APU*" && jtag_cable_name =~ "Digilent JTAG-HS1 210512180081"} -index 0
loadhw -hw D:/study/zynq_demo/Litenet/v1/vivado/Litenet/Litenet.sdk/design_1_wrapper_hw_platform_0/system.hdf -mem-ranges [list {0x40000000 0xbfffffff}]
configparams force-mem-access 1
targets -set -nocase -filter {name =~"APU*" && jtag_cable_name =~ "Digilent JTAG-HS1 210512180081"} -index 0
ps7_init
ps7_post_config
targets -set -nocase -filter {name =~ "ARM*#0" && jtag_cable_name =~ "Digilent JTAG-HS1 210512180081"} -index 0
dow D:/study/zynq_demo/Litenet/v1/vivado/Litenet/Litenet.sdk/Litenet/Debug/Litenet.elf
configparams force-mem-access 0
----------------End of Script----------------

20:35:29 INFO  : Memory regions updated for context APU
20:35:29 INFO  : Context for processor 'ps7_cortexa9_0' is selected.
20:35:29 INFO  : 'con' command is executed.
20:35:29 INFO  : ----------------XSDB Script (After Launch)----------------
targets -set -nocase -filter {name =~ "ARM*#0" && jtag_cable_name =~ "Digilent JTAG-HS1 210512180081"} -index 0
con
----------------End of Script----------------

20:35:29 INFO  : Launch script is exported to file 'D:\study\zynq_demo\Litenet\v1\vivado\Litenet\Litenet.sdk\.sdk\launch_scripts\xilinx_c-c++_application_(system_debugger)\system_debugger_using_debug_litenet.elf_on_local.tcl'
20:36:02 INFO  : Disconnected from the channel tcfchan#4.
20:36:03 INFO  : 'targets -set -filter {jtag_cable_name =~ "Digilent JTAG-HS1 210512180081" && level==0} -index 1' command is executed.
20:36:03 INFO  : 'fpga -state' command is executed.
20:36:05 INFO  : Connected to target on host '127.0.0.1' and port '3121'.
20:36:05 INFO  : Jtag cable 'Digilent JTAG-HS1 210512180081' is selected.
20:36:05 INFO  : 'jtag frequency' command is executed.
20:36:05 INFO  : Sourcing of 'D:/study/zynq_demo/Litenet/v1/vivado/Litenet/Litenet.sdk/design_1_wrapper_hw_platform_0/ps7_init.tcl' is done.
20:36:05 INFO  : Context for 'APU' is selected.
20:36:05 INFO  : System reset is completed.
20:36:08 INFO  : 'after 3000' command is executed.
20:36:08 INFO  : Context for 'APU' is selected.
20:36:08 INFO  : Hardware design information is loaded from 'D:/study/zynq_demo/Litenet/v1/vivado/Litenet/Litenet.sdk/design_1_wrapper_hw_platform_0/system.hdf'.
20:36:08 INFO  : 'configparams force-mem-access 1' command is executed.
20:36:08 INFO  : Context for 'APU' is selected.
20:36:08 INFO  : 'ps7_init' command is executed.
20:36:08 INFO  : 'ps7_post_config' command is executed.
20:36:08 INFO  : Context for processor 'ps7_cortexa9_0' is selected.
20:36:09 INFO  : The application 'D:/study/zynq_demo/Litenet/v1/vivado/Litenet/Litenet.sdk/Litenet/Debug/Litenet.elf' is downloaded to processor 'ps7_cortexa9_0'.
20:36:09 INFO  : 'configparams force-mem-access 0' command is executed.
20:36:09 INFO  : ----------------XSDB Script----------------
connect -url tcp:127.0.0.1:3121
source D:/study/zynq_demo/Litenet/v1/vivado/Litenet/Litenet.sdk/design_1_wrapper_hw_platform_0/ps7_init.tcl
targets -set -nocase -filter {name =~"APU*" && jtag_cable_name =~ "Digilent JTAG-HS1 210512180081"} -index 0
rst -system
after 3000
targets -set -nocase -filter {name =~"APU*" && jtag_cable_name =~ "Digilent JTAG-HS1 210512180081"} -index 0
loadhw -hw D:/study/zynq_demo/Litenet/v1/vivado/Litenet/Litenet.sdk/design_1_wrapper_hw_platform_0/system.hdf -mem-ranges [list {0x40000000 0xbfffffff}]
configparams force-mem-access 1
targets -set -nocase -filter {name =~"APU*" && jtag_cable_name =~ "Digilent JTAG-HS1 210512180081"} -index 0
ps7_init
ps7_post_config
targets -set -nocase -filter {name =~ "ARM*#0" && jtag_cable_name =~ "Digilent JTAG-HS1 210512180081"} -index 0
dow D:/study/zynq_demo/Litenet/v1/vivado/Litenet/Litenet.sdk/Litenet/Debug/Litenet.elf
configparams force-mem-access 0
----------------End of Script----------------

20:36:09 INFO  : Memory regions updated for context APU
20:36:09 INFO  : Context for processor 'ps7_cortexa9_0' is selected.
20:36:09 INFO  : 'con' command is executed.
20:36:09 INFO  : ----------------XSDB Script (After Launch)----------------
targets -set -nocase -filter {name =~ "ARM*#0" && jtag_cable_name =~ "Digilent JTAG-HS1 210512180081"} -index 0
con
----------------End of Script----------------

20:36:09 INFO  : Launch script is exported to file 'D:\study\zynq_demo\Litenet\v1\vivado\Litenet\Litenet.sdk\.sdk\launch_scripts\xilinx_c-c++_application_(system_debugger)\system_debugger_using_debug_litenet.elf_on_local.tcl'
20:36:49 INFO  : Disconnected from the channel tcfchan#5.
20:36:50 INFO  : 'targets -set -filter {jtag_cable_name =~ "Digilent JTAG-HS1 210512180081" && level==0} -index 1' command is executed.
20:36:50 INFO  : 'fpga -state' command is executed.
20:36:52 INFO  : Connected to target on host '127.0.0.1' and port '3121'.
20:36:52 INFO  : Jtag cable 'Digilent JTAG-HS1 210512180081' is selected.
20:36:52 INFO  : 'jtag frequency' command is executed.
20:36:52 INFO  : Sourcing of 'D:/study/zynq_demo/Litenet/v1/vivado/Litenet/Litenet.sdk/design_1_wrapper_hw_platform_0/ps7_init.tcl' is done.
20:36:52 INFO  : Context for 'APU' is selected.
20:36:53 INFO  : System reset is completed.
20:36:56 INFO  : 'after 3000' command is executed.
20:36:56 INFO  : Context for 'APU' is selected.
20:36:56 INFO  : Hardware design information is loaded from 'D:/study/zynq_demo/Litenet/v1/vivado/Litenet/Litenet.sdk/design_1_wrapper_hw_platform_0/system.hdf'.
20:36:56 INFO  : 'configparams force-mem-access 1' command is executed.
20:36:56 INFO  : Context for 'APU' is selected.
20:36:56 INFO  : 'ps7_init' command is executed.
20:36:56 INFO  : 'ps7_post_config' command is executed.
20:36:56 INFO  : Context for processor 'ps7_cortexa9_0' is selected.
20:36:56 INFO  : The application 'D:/study/zynq_demo/Litenet/v1/vivado/Litenet/Litenet.sdk/Litenet/Debug/Litenet.elf' is downloaded to processor 'ps7_cortexa9_0'.
20:36:56 INFO  : 'configparams force-mem-access 0' command is executed.
20:36:56 INFO  : ----------------XSDB Script----------------
connect -url tcp:127.0.0.1:3121
source D:/study/zynq_demo/Litenet/v1/vivado/Litenet/Litenet.sdk/design_1_wrapper_hw_platform_0/ps7_init.tcl
targets -set -nocase -filter {name =~"APU*" && jtag_cable_name =~ "Digilent JTAG-HS1 210512180081"} -index 0
rst -system
after 3000
targets -set -nocase -filter {name =~"APU*" && jtag_cable_name =~ "Digilent JTAG-HS1 210512180081"} -index 0
loadhw -hw D:/study/zynq_demo/Litenet/v1/vivado/Litenet/Litenet.sdk/design_1_wrapper_hw_platform_0/system.hdf -mem-ranges [list {0x40000000 0xbfffffff}]
configparams force-mem-access 1
targets -set -nocase -filter {name =~"APU*" && jtag_cable_name =~ "Digilent JTAG-HS1 210512180081"} -index 0
ps7_init
ps7_post_config
targets -set -nocase -filter {name =~ "ARM*#0" && jtag_cable_name =~ "Digilent JTAG-HS1 210512180081"} -index 0
dow D:/study/zynq_demo/Litenet/v1/vivado/Litenet/Litenet.sdk/Litenet/Debug/Litenet.elf
configparams force-mem-access 0
----------------End of Script----------------

20:36:56 INFO  : Memory regions updated for context APU
20:36:56 INFO  : Context for processor 'ps7_cortexa9_0' is selected.
20:36:56 INFO  : 'con' command is executed.
20:36:56 INFO  : ----------------XSDB Script (After Launch)----------------
targets -set -nocase -filter {name =~ "ARM*#0" && jtag_cable_name =~ "Digilent JTAG-HS1 210512180081"} -index 0
con
----------------End of Script----------------

20:36:56 INFO  : Launch script is exported to file 'D:\study\zynq_demo\Litenet\v1\vivado\Litenet\Litenet.sdk\.sdk\launch_scripts\xilinx_c-c++_application_(system_debugger)\system_debugger_using_debug_litenet.elf_on_local.tcl'
20:38:19 INFO  : Disconnected from the channel tcfchan#6.
20:38:39 INFO  : 'targets -set -filter {jtag_cable_name =~ "Digilent JTAG-HS1 210512180081" && level==0} -index 1' command is executed.
20:38:39 INFO  : 'fpga -state' command is executed.
20:38:40 INFO  : Connected to target on host '127.0.0.1' and port '3121'.
20:38:40 INFO  : Jtag cable 'Digilent JTAG-HS1 210512180081' is selected.
20:38:40 INFO  : 'jtag frequency' command is executed.
20:38:40 INFO  : Sourcing of 'D:/study/zynq_demo/Litenet/v1/vivado/Litenet/Litenet.sdk/design_1_wrapper_hw_platform_0/ps7_init.tcl' is done.
20:38:40 INFO  : Context for 'APU' is selected.
20:38:40 INFO  : System reset is completed.
20:38:43 INFO  : 'after 3000' command is executed.
20:38:43 INFO  : Context for 'APU' is selected.
20:38:43 INFO  : Hardware design information is loaded from 'D:/study/zynq_demo/Litenet/v1/vivado/Litenet/Litenet.sdk/design_1_wrapper_hw_platform_0/system.hdf'.
20:38:43 INFO  : 'configparams force-mem-access 1' command is executed.
20:38:43 INFO  : Context for 'APU' is selected.
20:38:43 INFO  : 'ps7_init' command is executed.
20:38:43 INFO  : 'ps7_post_config' command is executed.
20:38:43 INFO  : Context for processor 'ps7_cortexa9_0' is selected.
20:38:44 INFO  : The application 'D:/study/zynq_demo/Litenet/v1/vivado/Litenet/Litenet.sdk/Litenet/Debug/Litenet.elf' is downloaded to processor 'ps7_cortexa9_0'.
20:38:44 INFO  : 'configparams force-mem-access 0' command is executed.
20:38:44 INFO  : ----------------XSDB Script----------------
connect -url tcp:127.0.0.1:3121
source D:/study/zynq_demo/Litenet/v1/vivado/Litenet/Litenet.sdk/design_1_wrapper_hw_platform_0/ps7_init.tcl
targets -set -nocase -filter {name =~"APU*" && jtag_cable_name =~ "Digilent JTAG-HS1 210512180081"} -index 0
rst -system
after 3000
targets -set -nocase -filter {name =~"APU*" && jtag_cable_name =~ "Digilent JTAG-HS1 210512180081"} -index 0
loadhw -hw D:/study/zynq_demo/Litenet/v1/vivado/Litenet/Litenet.sdk/design_1_wrapper_hw_platform_0/system.hdf -mem-ranges [list {0x40000000 0xbfffffff}]
configparams force-mem-access 1
targets -set -nocase -filter {name =~"APU*" && jtag_cable_name =~ "Digilent JTAG-HS1 210512180081"} -index 0
ps7_init
ps7_post_config
targets -set -nocase -filter {name =~ "ARM*#0" && jtag_cable_name =~ "Digilent JTAG-HS1 210512180081"} -index 0
dow D:/study/zynq_demo/Litenet/v1/vivado/Litenet/Litenet.sdk/Litenet/Debug/Litenet.elf
configparams force-mem-access 0
----------------End of Script----------------

20:38:44 INFO  : Memory regions updated for context APU
20:38:44 INFO  : Context for processor 'ps7_cortexa9_0' is selected.
20:38:44 INFO  : 'con' command is executed.
20:38:44 INFO  : ----------------XSDB Script (After Launch)----------------
targets -set -nocase -filter {name =~ "ARM*#0" && jtag_cable_name =~ "Digilent JTAG-HS1 210512180081"} -index 0
con
----------------End of Script----------------

20:38:44 INFO  : Launch script is exported to file 'D:\study\zynq_demo\Litenet\v1\vivado\Litenet\Litenet.sdk\.sdk\launch_scripts\xilinx_c-c++_application_(system_debugger)\system_debugger_using_debug_litenet.elf_on_local.tcl'
20:41:28 INFO  : Disconnected from the channel tcfchan#7.
20:41:29 INFO  : Connected to target on host '127.0.0.1' and port '3121'.
20:41:29 INFO  : Jtag cable 'Digilent JTAG-HS1 210512180081' is selected.
20:41:29 INFO  : 'jtag frequency' command is executed.
20:41:29 INFO  : Sourcing of 'D:/study/zynq_demo/Litenet/v1/vivado/Litenet/Litenet.sdk/design_1_wrapper_hw_platform_0/ps7_init.tcl' is done.
20:41:29 INFO  : Context for 'APU' is selected.
20:41:30 INFO  : System reset is completed.
20:41:33 INFO  : 'after 3000' command is executed.
20:41:33 INFO  : 'targets -set -filter {jtag_cable_name =~ "Digilent JTAG-HS1 210512180081" && level==0} -index 1' command is executed.
20:41:36 INFO  : FPGA configured successfully with bitstream "D:/study/zynq_demo/Litenet/v1/vivado/Litenet/Litenet.sdk/design_1_wrapper_hw_platform_0/design_1_wrapper.bit"
20:41:36 INFO  : Context for 'APU' is selected.
20:41:36 INFO  : Hardware design information is loaded from 'D:/study/zynq_demo/Litenet/v1/vivado/Litenet/Litenet.sdk/design_1_wrapper_hw_platform_0/system.hdf'.
20:41:36 INFO  : 'configparams force-mem-access 1' command is executed.
20:41:36 INFO  : Context for 'APU' is selected.
20:41:36 INFO  : 'ps7_init' command is executed.
20:41:36 INFO  : 'ps7_post_config' command is executed.
20:41:36 INFO  : Context for processor 'ps7_cortexa9_0' is selected.
20:41:36 INFO  : The application 'D:/study/zynq_demo/Litenet/v1/vivado/Litenet/Litenet.sdk/Litenet/Debug/Litenet.elf' is downloaded to processor 'ps7_cortexa9_0'.
20:41:36 INFO  : 'configparams force-mem-access 0' command is executed.
20:41:36 INFO  : ----------------XSDB Script----------------
connect -url tcp:127.0.0.1:3121
source D:/study/zynq_demo/Litenet/v1/vivado/Litenet/Litenet.sdk/design_1_wrapper_hw_platform_0/ps7_init.tcl
targets -set -nocase -filter {name =~"APU*" && jtag_cable_name =~ "Digilent JTAG-HS1 210512180081"} -index 0
rst -system
after 3000
targets -set -filter {jtag_cable_name =~ "Digilent JTAG-HS1 210512180081" && level==0} -index 1
fpga -file D:/study/zynq_demo/Litenet/v1/vivado/Litenet/Litenet.sdk/design_1_wrapper_hw_platform_0/design_1_wrapper.bit
targets -set -nocase -filter {name =~"APU*" && jtag_cable_name =~ "Digilent JTAG-HS1 210512180081"} -index 0
loadhw -hw D:/study/zynq_demo/Litenet/v1/vivado/Litenet/Litenet.sdk/design_1_wrapper_hw_platform_0/system.hdf -mem-ranges [list {0x40000000 0xbfffffff}]
configparams force-mem-access 1
targets -set -nocase -filter {name =~"APU*" && jtag_cable_name =~ "Digilent JTAG-HS1 210512180081"} -index 0
ps7_init
ps7_post_config
targets -set -nocase -filter {name =~ "ARM*#0" && jtag_cable_name =~ "Digilent JTAG-HS1 210512180081"} -index 0
dow D:/study/zynq_demo/Litenet/v1/vivado/Litenet/Litenet.sdk/Litenet/Debug/Litenet.elf
configparams force-mem-access 0
----------------End of Script----------------

20:41:36 INFO  : Memory regions updated for context APU
20:41:37 INFO  : Context for processor 'ps7_cortexa9_0' is selected.
20:41:37 INFO  : 'con' command is executed.
20:41:37 INFO  : ----------------XSDB Script (After Launch)----------------
targets -set -nocase -filter {name =~ "ARM*#0" && jtag_cable_name =~ "Digilent JTAG-HS1 210512180081"} -index 0
con
----------------End of Script----------------

20:41:37 INFO  : Launch script is exported to file 'D:\study\zynq_demo\Litenet\v1\vivado\Litenet\Litenet.sdk\.sdk\launch_scripts\xilinx_c-c++_application_(system_debugger)\system_debugger_using_debug_litenet.elf_on_local.tcl'
20:42:02 INFO  : Disconnected from the channel tcfchan#8.
20:42:03 INFO  : Connected to target on host '127.0.0.1' and port '3121'.
20:42:03 INFO  : Jtag cable 'Digilent JTAG-HS1 210512180081' is selected.
20:42:03 INFO  : 'jtag frequency' command is executed.
20:42:03 INFO  : Sourcing of 'D:/study/zynq_demo/Litenet/v1/vivado/Litenet/Litenet.sdk/design_1_wrapper_hw_platform_0/ps7_init.tcl' is done.
20:42:03 INFO  : Context for 'APU' is selected.
20:42:04 INFO  : System reset is completed.
20:42:07 INFO  : 'after 3000' command is executed.
20:42:07 INFO  : 'targets -set -filter {jtag_cable_name =~ "Digilent JTAG-HS1 210512180081" && level==0} -index 1' command is executed.
20:42:10 INFO  : FPGA configured successfully with bitstream "D:/study/zynq_demo/Litenet/v1/vivado/Litenet/Litenet.sdk/design_1_wrapper_hw_platform_0/design_1_wrapper.bit"
20:42:10 INFO  : Context for 'APU' is selected.
20:42:10 INFO  : Hardware design information is loaded from 'D:/study/zynq_demo/Litenet/v1/vivado/Litenet/Litenet.sdk/design_1_wrapper_hw_platform_0/system.hdf'.
20:42:10 INFO  : 'configparams force-mem-access 1' command is executed.
20:42:10 INFO  : Context for 'APU' is selected.
20:42:10 INFO  : 'ps7_init' command is executed.
20:42:10 INFO  : 'ps7_post_config' command is executed.
20:42:10 INFO  : Context for processor 'ps7_cortexa9_0' is selected.
20:42:11 INFO  : The application 'D:/study/zynq_demo/Litenet/v1/vivado/Litenet/Litenet.sdk/Litenet/Debug/Litenet.elf' is downloaded to processor 'ps7_cortexa9_0'.
20:42:11 INFO  : 'configparams force-mem-access 0' command is executed.
20:42:11 INFO  : ----------------XSDB Script----------------
connect -url tcp:127.0.0.1:3121
source D:/study/zynq_demo/Litenet/v1/vivado/Litenet/Litenet.sdk/design_1_wrapper_hw_platform_0/ps7_init.tcl
targets -set -nocase -filter {name =~"APU*" && jtag_cable_name =~ "Digilent JTAG-HS1 210512180081"} -index 0
rst -system
after 3000
targets -set -filter {jtag_cable_name =~ "Digilent JTAG-HS1 210512180081" && level==0} -index 1
fpga -file D:/study/zynq_demo/Litenet/v1/vivado/Litenet/Litenet.sdk/design_1_wrapper_hw_platform_0/design_1_wrapper.bit
targets -set -nocase -filter {name =~"APU*" && jtag_cable_name =~ "Digilent JTAG-HS1 210512180081"} -index 0
loadhw -hw D:/study/zynq_demo/Litenet/v1/vivado/Litenet/Litenet.sdk/design_1_wrapper_hw_platform_0/system.hdf -mem-ranges [list {0x40000000 0xbfffffff}]
configparams force-mem-access 1
targets -set -nocase -filter {name =~"APU*" && jtag_cable_name =~ "Digilent JTAG-HS1 210512180081"} -index 0
ps7_init
ps7_post_config
targets -set -nocase -filter {name =~ "ARM*#0" && jtag_cable_name =~ "Digilent JTAG-HS1 210512180081"} -index 0
dow D:/study/zynq_demo/Litenet/v1/vivado/Litenet/Litenet.sdk/Litenet/Debug/Litenet.elf
configparams force-mem-access 0
----------------End of Script----------------

20:42:11 INFO  : Memory regions updated for context APU
20:42:11 INFO  : Context for processor 'ps7_cortexa9_0' is selected.
20:42:11 INFO  : 'con' command is executed.
20:42:11 INFO  : ----------------XSDB Script (After Launch)----------------
targets -set -nocase -filter {name =~ "ARM*#0" && jtag_cable_name =~ "Digilent JTAG-HS1 210512180081"} -index 0
con
----------------End of Script----------------

20:42:11 INFO  : Launch script is exported to file 'D:\study\zynq_demo\Litenet\v1\vivado\Litenet\Litenet.sdk\.sdk\launch_scripts\xilinx_c-c++_application_(system_debugger)\system_debugger_using_debug_litenet.elf_on_local.tcl'
20:42:25 INFO  : Disconnected from the channel tcfchan#9.
20:42:26 INFO  : Connected to target on host '127.0.0.1' and port '3121'.
20:42:26 INFO  : Jtag cable 'Digilent JTAG-HS1 210512180081' is selected.
20:42:26 INFO  : 'jtag frequency' command is executed.
20:42:26 INFO  : Sourcing of 'D:/study/zynq_demo/Litenet/v1/vivado/Litenet/Litenet.sdk/design_1_wrapper_hw_platform_0/ps7_init.tcl' is done.
20:42:26 INFO  : Context for 'APU' is selected.
20:42:26 INFO  : System reset is completed.
20:42:29 INFO  : 'after 3000' command is executed.
20:42:29 INFO  : 'targets -set -filter {jtag_cable_name =~ "Digilent JTAG-HS1 210512180081" && level==0} -index 1' command is executed.
20:42:33 INFO  : FPGA configured successfully with bitstream "D:/study/zynq_demo/Litenet/v1/vivado/Litenet/Litenet.sdk/design_1_wrapper_hw_platform_0/design_1_wrapper.bit"
20:42:33 INFO  : Context for 'APU' is selected.
20:42:33 INFO  : Hardware design information is loaded from 'D:/study/zynq_demo/Litenet/v1/vivado/Litenet/Litenet.sdk/design_1_wrapper_hw_platform_0/system.hdf'.
20:42:33 INFO  : 'configparams force-mem-access 1' command is executed.
20:42:33 INFO  : Context for 'APU' is selected.
20:42:33 INFO  : 'ps7_init' command is executed.
20:42:33 INFO  : 'ps7_post_config' command is executed.
20:42:33 INFO  : Context for processor 'ps7_cortexa9_0' is selected.
20:42:33 INFO  : The application 'D:/study/zynq_demo/Litenet/v1/vivado/Litenet/Litenet.sdk/Litenet/Debug/Litenet.elf' is downloaded to processor 'ps7_cortexa9_0'.
20:42:33 INFO  : 'configparams force-mem-access 0' command is executed.
20:42:33 INFO  : ----------------XSDB Script----------------
connect -url tcp:127.0.0.1:3121
source D:/study/zynq_demo/Litenet/v1/vivado/Litenet/Litenet.sdk/design_1_wrapper_hw_platform_0/ps7_init.tcl
targets -set -nocase -filter {name =~"APU*" && jtag_cable_name =~ "Digilent JTAG-HS1 210512180081"} -index 0
rst -system
after 3000
targets -set -filter {jtag_cable_name =~ "Digilent JTAG-HS1 210512180081" && level==0} -index 1
fpga -file D:/study/zynq_demo/Litenet/v1/vivado/Litenet/Litenet.sdk/design_1_wrapper_hw_platform_0/design_1_wrapper.bit
targets -set -nocase -filter {name =~"APU*" && jtag_cable_name =~ "Digilent JTAG-HS1 210512180081"} -index 0
loadhw -hw D:/study/zynq_demo/Litenet/v1/vivado/Litenet/Litenet.sdk/design_1_wrapper_hw_platform_0/system.hdf -mem-ranges [list {0x40000000 0xbfffffff}]
configparams force-mem-access 1
targets -set -nocase -filter {name =~"APU*" && jtag_cable_name =~ "Digilent JTAG-HS1 210512180081"} -index 0
ps7_init
ps7_post_config
targets -set -nocase -filter {name =~ "ARM*#0" && jtag_cable_name =~ "Digilent JTAG-HS1 210512180081"} -index 0
dow D:/study/zynq_demo/Litenet/v1/vivado/Litenet/Litenet.sdk/Litenet/Debug/Litenet.elf
configparams force-mem-access 0
----------------End of Script----------------

20:42:33 INFO  : Memory regions updated for context APU
20:42:33 INFO  : Context for processor 'ps7_cortexa9_0' is selected.
20:42:33 INFO  : 'con' command is executed.
20:42:33 INFO  : ----------------XSDB Script (After Launch)----------------
targets -set -nocase -filter {name =~ "ARM*#0" && jtag_cable_name =~ "Digilent JTAG-HS1 210512180081"} -index 0
con
----------------End of Script----------------

20:42:33 INFO  : Launch script is exported to file 'D:\study\zynq_demo\Litenet\v1\vivado\Litenet\Litenet.sdk\.sdk\launch_scripts\xilinx_c-c++_application_(system_debugger)\system_debugger_using_debug_litenet.elf_on_local.tcl'
20:42:52 INFO  : Disconnected from the channel tcfchan#10.
20:42:53 INFO  : Connected to target on host '127.0.0.1' and port '3121'.
20:42:53 INFO  : Jtag cable 'Digilent JTAG-HS1 210512180081' is selected.
20:42:53 INFO  : 'jtag frequency' command is executed.
20:42:54 INFO  : Sourcing of 'D:/study/zynq_demo/Litenet/v1/vivado/Litenet/Litenet.sdk/design_1_wrapper_hw_platform_0/ps7_init.tcl' is done.
20:42:54 INFO  : Context for 'APU' is selected.
20:42:54 INFO  : System reset is completed.
20:42:57 INFO  : 'after 3000' command is executed.
20:42:57 INFO  : 'targets -set -filter {jtag_cable_name =~ "Digilent JTAG-HS1 210512180081" && level==0} -index 1' command is executed.
20:43:00 INFO  : FPGA configured successfully with bitstream "D:/study/zynq_demo/Litenet/v1/vivado/Litenet/Litenet.sdk/design_1_wrapper_hw_platform_0/design_1_wrapper.bit"
20:43:00 INFO  : Context for 'APU' is selected.
20:43:00 INFO  : Hardware design information is loaded from 'D:/study/zynq_demo/Litenet/v1/vivado/Litenet/Litenet.sdk/design_1_wrapper_hw_platform_0/system.hdf'.
20:43:00 INFO  : 'configparams force-mem-access 1' command is executed.
20:43:00 INFO  : Context for 'APU' is selected.
20:43:00 INFO  : 'ps7_init' command is executed.
20:43:00 INFO  : 'ps7_post_config' command is executed.
20:43:01 INFO  : Context for processor 'ps7_cortexa9_0' is selected.
20:43:01 INFO  : The application 'D:/study/zynq_demo/Litenet/v1/vivado/Litenet/Litenet.sdk/Litenet/Debug/Litenet.elf' is downloaded to processor 'ps7_cortexa9_0'.
20:43:01 INFO  : 'configparams force-mem-access 0' command is executed.
20:43:01 INFO  : ----------------XSDB Script----------------
connect -url tcp:127.0.0.1:3121
source D:/study/zynq_demo/Litenet/v1/vivado/Litenet/Litenet.sdk/design_1_wrapper_hw_platform_0/ps7_init.tcl
targets -set -nocase -filter {name =~"APU*" && jtag_cable_name =~ "Digilent JTAG-HS1 210512180081"} -index 0
rst -system
after 3000
targets -set -filter {jtag_cable_name =~ "Digilent JTAG-HS1 210512180081" && level==0} -index 1
fpga -file D:/study/zynq_demo/Litenet/v1/vivado/Litenet/Litenet.sdk/design_1_wrapper_hw_platform_0/design_1_wrapper.bit
targets -set -nocase -filter {name =~"APU*" && jtag_cable_name =~ "Digilent JTAG-HS1 210512180081"} -index 0
loadhw -hw D:/study/zynq_demo/Litenet/v1/vivado/Litenet/Litenet.sdk/design_1_wrapper_hw_platform_0/system.hdf -mem-ranges [list {0x40000000 0xbfffffff}]
configparams force-mem-access 1
targets -set -nocase -filter {name =~"APU*" && jtag_cable_name =~ "Digilent JTAG-HS1 210512180081"} -index 0
ps7_init
ps7_post_config
targets -set -nocase -filter {name =~ "ARM*#0" && jtag_cable_name =~ "Digilent JTAG-HS1 210512180081"} -index 0
dow D:/study/zynq_demo/Litenet/v1/vivado/Litenet/Litenet.sdk/Litenet/Debug/Litenet.elf
configparams force-mem-access 0
----------------End of Script----------------

20:43:01 INFO  : Memory regions updated for context APU
20:43:01 INFO  : Context for processor 'ps7_cortexa9_0' is selected.
20:43:01 INFO  : 'con' command is executed.
20:43:01 INFO  : ----------------XSDB Script (After Launch)----------------
targets -set -nocase -filter {name =~ "ARM*#0" && jtag_cable_name =~ "Digilent JTAG-HS1 210512180081"} -index 0
con
----------------End of Script----------------

20:43:01 INFO  : Launch script is exported to file 'D:\study\zynq_demo\Litenet\v1\vivado\Litenet\Litenet.sdk\.sdk\launch_scripts\xilinx_c-c++_application_(system_debugger)\system_debugger_using_debug_litenet.elf_on_local.tcl'
