20:41:18 **** Incremental Build of configuration Debug for project Litenet ****
make pre-build main-build 
a9-linaro-pre-build-step
' '
make: Nothing to be done for 'main-build'.
20:41:24 **** Incremental Build of configuration Debug for project Litenet ****
make pre-build main-build 
a9-linaro-pre-build-step
' '
make: Nothing to be done for 'main-build'.
20:42:01 **** Incremental Build of configuration Debug for project Litenet ****
make pre-build main-build 
a9-linaro-pre-build-step
' '
make: Nothing to be done for 'main-build'.
20:42:23 **** Incremental Build of configuration Debug for project Litenet ****
make pre-build main-build 
a9-linaro-pre-build-step
' '
make: Nothing to be done for 'main-build'.
20:42:51 **** Incremental Build of configuration Debug for project Litenet ****
make pre-build main-build 
a9-linaro-pre-build-step
' '
make: Nothing to be done for 'main-build'.
